

	..........::::::::::: Bosch Proxy4Server Access :::::::::::..........


	proxy_on  - activates the Bosch Proxy4Server for the current session.

	proxy_off - deactivates the Bosch Proxy4Server.


	..............................................................




	..........::::::::::: Bosch Proxy4Server Access :::::::::::..........


	proxy_on  - activates the Bosch Proxy4Server for the current session.

	proxy_off - deactivates the Bosch Proxy4Server.


	..............................................................


/home/che5pi/.conda/envs/iws/lib/python3.11/site-packages/hydra/_internal/defaults_list.py:251: UserWarning: In 'config': Defaults list is missing `_self_`. See https://hydra.cc/docs/1.2/upgrades/1.0_to_1.1/default_composition_order for more information
  warnings.warn(msg, UserWarning)
Error executing job with overrides: ['+name=robosuite_lift_stage_1', 'algorithm=latent_world_model', 'experiment=exp_latent_dyn', 'dataset=sim_robosuite_dataset', 'dataset.dataset_dir=/fs/scratch/rb_bd_dlp_rng-dl01_cr_AIQ_employees/aiq103/iws/data/robosuite/lift', 'dataset.horizon=1', 'dataset.val_horizon=1', 'experiment.training.batch_size=16', 'experiment.training.precision=bf16-mixed', 'experiment.training.data.num_workers=16', 'experiment.training.max_steps=1000005', 'experiment.training.log_every_n_steps=100', 'experiment.validation.limit_batch=1.0', 'experiment.validation.batch_size=32', 'experiment.validation.val_every_n_step=6000', 'experiment.validation.precision=bf16-mixed', 'experiment.validation.data.num_workers=16', 'algorithm.metrics=[]', 'algorithm.latent_dim=512', 'algorithm.action_dim=4', 'algorithm.training_stage=1']
Traceback (most recent call last):
  File "/home/che5pi/interactive_world_sim/main.py", line 227, in run
    run_local(cfg)
  File "/home/che5pi/interactive_world_sim/main.py", line 112, in run_local
    experiment.exec_task(task)
  File "/home/che5pi/interactive_world_sim/interactive_world_sim/experiments/exp_base.py", line 96, in exec_task
    getattr(self, task)()
  File "/home/che5pi/interactive_world_sim/interactive_world_sim/experiments/exp_base.py", line 231, in training
    train_dataloader = self._build_training_loader()
                       ^^^^^^^^^^^^^^^^^^^^^^^^^^^^^
  File "/home/che5pi/interactive_world_sim/interactive_world_sim/experiments/exp_base.py", line 120, in _build_training_loader
    train_dataset = self._build_dataset("training")
                    ^^^^^^^^^^^^^^^^^^^^^^^^^^^^^^^
  File "/home/che5pi/interactive_world_sim/interactive_world_sim/experiments/exp_latent_dyn.py", line 29, in _build_dataset
    self.dataset = self.compatible_datasets[
                   ^^^^^^^^^^^^^^^^^^^^^^^^^
KeyError: 'sim_robosuite_dataset'

Set the environment variable HYDRA_FULL_ERROR=1 for a complete stack trace.
